  TestTrees.cpp
c:\users\fearl\desktop\school\cs3\binary tree recursion\binary tree recursion\binary tree recursion\binarytree.h(53): error C2440: 'initializing': cannot convert from 'int' to 'std::basic_string<char,std::char_traits<char>,std::allocator<char>>'
  c:\users\fearl\desktop\school\cs3\binary tree recursion\binary tree recursion\binary tree recursion\binarytree.h(53): note: No constructor could take the source type, or constructor overload resolution was ambiguous
  c:\users\fearl\desktop\school\cs3\binary tree recursion\binary tree recursion\binary tree recursion\binarytree.h(52): note: while compiling class template member function 'std::string BinaryTree<int>::verticalElements(TreeNode<Etype> *,int)'
          with
          [
              Etype=int
          ]
  c:\users\fearl\desktop\school\cs3\binary tree recursion\binary tree recursion\binary tree recursion\binarytree.h(67): note: see reference to function template instantiation 'std::string BinaryTree<int>::verticalElements(TreeNode<Etype> *,int)' being compiled
          with
          [
              Etype=int
          ]
  c:\users\fearl\desktop\school\cs3\binary tree recursion\binary tree recursion\binary tree recursion\testtrees.cpp(10): note: see reference to class template instantiation 'BinaryTree<int>' being compiled
c:\users\fearl\desktop\school\cs3\binary tree recursion\binary tree recursion\binary tree recursion\binarytree.h(60): error C2664: 'std::string BinaryTree<int>::verticalElements(TreeNode<Etype> *,int)': cannot convert argument 2 from 'std::string' to 'int'
          with
          [
              Etype=int
          ]
  c:\users\fearl\desktop\school\cs3\binary tree recursion\binary tree recursion\binary tree recursion\binarytree.h(60): note: No user-defined-conversion operator available that can perform this conversion, or the operator cannot be called
  Generating Code...
  Compiling...
  binarytree.cpp
  Generating Code...
